<?xml version="1.0" encoding="UTF-8"?>
<!-- Generated by org.testng.reporters.JUnitReportReporter -->
<testsuite hostname="LAPTOP-6RN8P8R2" failures="0" tests="4" name="org.example.TestNG.CRUD.TestCase_Integration" time="9.376" errors="0" timestamp="2024-09-25T14:44:33 IST" skipped="0">
  <testcase classname="org.example.TestNG.CRUD.TestCase_Integration" name="test_update_request_put" time="9.370"/>
  <testcase classname="org.example.TestNG.CRUD.TestCase_Integration" name="test_update_request_get" time="0.003"/>
  <testcase classname="org.example.TestNG.CRUD.TestCase_Integration" name="test_delete_booking" time="0.002"/>
  <testcase classname="org.example.TestNG.CRUD.TestCase_Integration" name="test_after_delete_request_get" time="0.001"/>
</testsuite> <!-- org.example.TestNG.CRUD.TestCase_Integration -->
